[2024-12-01 15:00:25Z INFO HostContext] No proxy settings were found based on environmental variables (http_proxy/https_proxy/HTTP_PROXY/HTTPS_PROXY)
[2024-12-01 15:00:25Z INFO HostContext] Well known directory 'Bin': 'C:\Users\pc\Desktop\java\TpSonar\user-management-main\user-management-main\user-management-main\actions-runner\bin'
[2024-12-01 15:00:25Z INFO HostContext] Well known directory 'Root': 'C:\Users\pc\Desktop\java\TpSonar\user-management-main\user-management-main\user-management-main\actions-runner'
[2024-12-01 15:00:25Z INFO HostContext] Well known config file 'Credentials': 'C:\Users\pc\Desktop\java\TpSonar\user-management-main\user-management-main\user-management-main\actions-runner\.credentials'
[2024-12-01 15:00:25Z INFO HostContext] Well known directory 'Bin': 'C:\Users\pc\Desktop\java\TpSonar\user-management-main\user-management-main\user-management-main\actions-runner\bin'
[2024-12-01 15:00:25Z INFO HostContext] Well known directory 'Root': 'C:\Users\pc\Desktop\java\TpSonar\user-management-main\user-management-main\user-management-main\actions-runner'
[2024-12-01 15:00:25Z INFO HostContext] Well known config file 'Runner': 'C:\Users\pc\Desktop\java\TpSonar\user-management-main\user-management-main\user-management-main\actions-runner\.runner'
[2024-12-01 15:00:25Z INFO Listener] Runner is built for Windows (X64) - win-x64.
[2024-12-01 15:00:25Z INFO Listener] RuntimeInformation: Microsoft Windows 10.0.22631.
[2024-12-01 15:00:25Z INFO Listener] Version: 2.321.0
[2024-12-01 15:00:25Z INFO Listener] Commit: e249007931b7c8e857797fa259c167f0bd4f997a
[2024-12-01 15:00:25Z INFO Listener] Culture: fr-FR
[2024-12-01 15:00:25Z INFO Listener] UI Culture: fr-FR
[2024-12-01 15:00:25Z INFO HostContext] Well known directory 'Bin': 'C:\Users\pc\Desktop\java\TpSonar\user-management-main\user-management-main\user-management-main\actions-runner\bin'
[2024-12-01 15:00:25Z INFO HostContext] Well known directory 'Root': 'C:\Users\pc\Desktop\java\TpSonar\user-management-main\user-management-main\user-management-main\actions-runner'
[2024-12-01 15:00:25Z INFO Listener] Validating directory permissions for: 'C:\Users\pc\Desktop\java\TpSonar\user-management-main\user-management-main\user-management-main\actions-runner'
[2024-12-01 15:00:25Z INFO CommandLineParser] Parse
[2024-12-01 15:00:25Z INFO CommandLineParser] Parsing 5 args
[2024-12-01 15:00:25Z INFO CommandLineParser] parsing argument
[2024-12-01 15:00:25Z INFO CommandLineParser] HasArgs: False
[2024-12-01 15:00:25Z INFO CommandLineParser] Adding Command: configure
[2024-12-01 15:00:25Z INFO CommandLineParser] parsing argument
[2024-12-01 15:00:25Z INFO CommandLineParser] HasArgs: True
[2024-12-01 15:00:25Z INFO CommandLineParser] arg: url
[2024-12-01 15:00:25Z INFO CommandLineParser] parsing argument
[2024-12-01 15:00:25Z INFO CommandLineParser] HasArgs: True
[2024-12-01 15:00:25Z INFO CommandLineParser] Adding option 'url': 'https://github.com/khadijaoumrani/user-management-main'
[2024-12-01 15:00:25Z INFO CommandLineParser] parsing argument
[2024-12-01 15:00:25Z INFO CommandLineParser] HasArgs: True
[2024-12-01 15:00:25Z INFO CommandLineParser] arg: token
[2024-12-01 15:00:25Z INFO CommandLineParser] parsing argument
[2024-12-01 15:00:25Z INFO CommandLineParser] HasArgs: True
[2024-12-01 15:00:25Z INFO CommandLineParser] Adding option 'token': '***'
[2024-12-01 15:00:25Z INFO Listener] Arguments parsed
[2024-12-01 15:00:26Z INFO Runner] ExecuteCommand
[2024-12-01 15:00:26Z INFO ConfigurationStore] currentAssemblyLocation: C:\Users\pc\Desktop\java\TpSonar\user-management-main\user-management-main\user-management-main\actions-runner\bin\Runner.Listener.dll
[2024-12-01 15:00:26Z INFO HostContext] Well known directory 'Bin': 'C:\Users\pc\Desktop\java\TpSonar\user-management-main\user-management-main\user-management-main\actions-runner\bin'
[2024-12-01 15:00:26Z INFO ConfigurationStore] binPath: C:\Users\pc\Desktop\java\TpSonar\user-management-main\user-management-main\user-management-main\actions-runner\bin
[2024-12-01 15:00:26Z INFO HostContext] Well known directory 'Bin': 'C:\Users\pc\Desktop\java\TpSonar\user-management-main\user-management-main\user-management-main\actions-runner\bin'
[2024-12-01 15:00:26Z INFO HostContext] Well known directory 'Root': 'C:\Users\pc\Desktop\java\TpSonar\user-management-main\user-management-main\user-management-main\actions-runner'
[2024-12-01 15:00:26Z INFO ConfigurationStore] RootFolder: C:\Users\pc\Desktop\java\TpSonar\user-management-main\user-management-main\user-management-main\actions-runner
[2024-12-01 15:00:26Z INFO HostContext] Well known directory 'Bin': 'C:\Users\pc\Desktop\java\TpSonar\user-management-main\user-management-main\user-management-main\actions-runner\bin'
[2024-12-01 15:00:26Z INFO HostContext] Well known directory 'Root': 'C:\Users\pc\Desktop\java\TpSonar\user-management-main\user-management-main\user-management-main\actions-runner'
[2024-12-01 15:00:26Z INFO HostContext] Well known config file 'Runner': 'C:\Users\pc\Desktop\java\TpSonar\user-management-main\user-management-main\user-management-main\actions-runner\.runner'
[2024-12-01 15:00:26Z INFO ConfigurationStore] ConfigFilePath: C:\Users\pc\Desktop\java\TpSonar\user-management-main\user-management-main\user-management-main\actions-runner\.runner
[2024-12-01 15:00:26Z INFO HostContext] Well known directory 'Bin': 'C:\Users\pc\Desktop\java\TpSonar\user-management-main\user-management-main\user-management-main\actions-runner\bin'
[2024-12-01 15:00:26Z INFO HostContext] Well known directory 'Root': 'C:\Users\pc\Desktop\java\TpSonar\user-management-main\user-management-main\user-management-main\actions-runner'
[2024-12-01 15:00:26Z INFO HostContext] Well known config file 'Credentials': 'C:\Users\pc\Desktop\java\TpSonar\user-management-main\user-management-main\user-management-main\actions-runner\.credentials'
[2024-12-01 15:00:26Z INFO ConfigurationStore] CredFilePath: C:\Users\pc\Desktop\java\TpSonar\user-management-main\user-management-main\user-management-main\actions-runner\.credentials
[2024-12-01 15:00:26Z INFO HostContext] Well known directory 'Bin': 'C:\Users\pc\Desktop\java\TpSonar\user-management-main\user-management-main\user-management-main\actions-runner\bin'
[2024-12-01 15:00:26Z INFO HostContext] Well known directory 'Root': 'C:\Users\pc\Desktop\java\TpSonar\user-management-main\user-management-main\user-management-main\actions-runner'
[2024-12-01 15:00:26Z INFO HostContext] Well known config file 'MigratedCredentials': 'C:\Users\pc\Desktop\java\TpSonar\user-management-main\user-management-main\user-management-main\actions-runner\.credentials_migrated'
[2024-12-01 15:00:26Z INFO ConfigurationStore] MigratedCredFilePath: C:\Users\pc\Desktop\java\TpSonar\user-management-main\user-management-main\user-management-main\actions-runner\.credentials_migrated
[2024-12-01 15:00:26Z INFO HostContext] Well known directory 'Bin': 'C:\Users\pc\Desktop\java\TpSonar\user-management-main\user-management-main\user-management-main\actions-runner\bin'
[2024-12-01 15:00:26Z INFO HostContext] Well known directory 'Root': 'C:\Users\pc\Desktop\java\TpSonar\user-management-main\user-management-main\user-management-main\actions-runner'
[2024-12-01 15:00:26Z INFO HostContext] Well known config file 'Service': 'C:\Users\pc\Desktop\java\TpSonar\user-management-main\user-management-main\user-management-main\actions-runner\.service'
[2024-12-01 15:00:26Z INFO ConfigurationStore] ServiceConfigFilePath: C:\Users\pc\Desktop\java\TpSonar\user-management-main\user-management-main\user-management-main\actions-runner\.service
[2024-12-01 15:00:26Z INFO CommandSettings] Flag 'help': 'False'
[2024-12-01 15:00:26Z INFO CommandSettings] Flag 'version': 'False'
[2024-12-01 15:00:26Z INFO CommandSettings] Flag 'commit': 'False'
[2024-12-01 15:00:26Z INFO CommandSettings] Flag 'check': 'False'
[2024-12-01 15:00:26Z INFO CommandSettings] Command 'configure': 'True'
[2024-12-01 15:00:26Z INFO Terminal] WRITE LINE: 
[2024-12-01 15:00:26Z INFO Terminal] WRITE LINE: --------------------------------------------------------------------------------
[2024-12-01 15:00:26Z INFO Terminal] WRITE LINE: |        ____ _ _   _   _       _          _        _   _                      |
[2024-12-01 15:00:26Z INFO Terminal] WRITE LINE: |       / ___(_) |_| | | |_   _| |__      / \   ___| |_(_) ___  _ __  ___      |
[2024-12-01 15:00:26Z INFO Terminal] WRITE LINE: |      | |  _| | __| |_| | | | | '_ \    / _ \ / __| __| |/ _ \| '_ \/ __|     |
[2024-12-01 15:00:26Z INFO Terminal] WRITE LINE: |      | |_| | | |_|  _  | |_| | |_) |  / ___ \ (__| |_| | (_) | | | \__ \     |
[2024-12-01 15:00:26Z INFO Terminal] WRITE LINE: |       \____|_|\__|_| |_|\__,_|_.__/  /_/   \_\___|\__|_|\___/|_| |_|___/     |
[2024-12-01 15:00:26Z INFO Terminal] WRITE LINE: |                                                                              |
[2024-12-01 15:00:26Z INFO Terminal] WRITE: |                       
[2024-12-01 15:00:26Z INFO Terminal] WRITE: Self-hosted runner registration
[2024-12-01 15:00:26Z INFO Terminal] WRITE LINE:                         |
[2024-12-01 15:00:26Z INFO Terminal] WRITE LINE: |                                                                              |
[2024-12-01 15:00:26Z INFO Terminal] WRITE LINE: --------------------------------------------------------------------------------
[2024-12-01 15:00:26Z INFO ConfigurationManager] ConfigureAsync
[2024-12-01 15:00:26Z INFO CommandSettings] Flag 'generateServiceConfig': 'False'
[2024-12-01 15:00:26Z INFO ConfigurationStore] IsConfigured()
[2024-12-01 15:00:26Z INFO ConfigurationStore] IsConfigured: False
[2024-12-01 15:00:26Z INFO ConfigurationManager] Is configured: False
[2024-12-01 15:00:26Z INFO CommandSettings] Arg 'url': 'https://github.com/khadijaoumrani/user-management-main'
[2024-12-01 15:00:26Z INFO CommandSettings] Remove url from Arg dictionary.
[2024-12-01 15:00:26Z INFO CommandSettings] Arg 'token': '***'
[2024-12-01 15:00:26Z INFO CommandSettings] Remove token from Arg dictionary.
[2024-12-01 15:00:28Z INFO ConfigurationManager] Http response code: OK from 'POST https://api.github.com/actions/runner-registration' (2B1E:BE798:25B98CB:26D5155:674C7A0C)
[2024-12-01 15:00:28Z INFO ConfigurationManager] Using V2 flow: False
[2024-12-01 15:00:28Z INFO ConfigurationManager] cred retrieved via GitHub auth
[2024-12-01 15:00:28Z INFO RunnerServer] EstablishVssConnection
[2024-12-01 15:00:28Z INFO RunnerServer] Establish connection with 100 seconds timeout.
[2024-12-01 15:00:28Z INFO GitHubActionsService] Starting operation Location.GetConnectionData
[2024-12-01 15:00:28Z INFO RunnerServer] EstablishVssConnection
[2024-12-01 15:00:28Z INFO RunnerServer] Establish connection with 60 seconds timeout.
[2024-12-01 15:00:28Z INFO GitHubActionsService] Starting operation Location.GetConnectionData
[2024-12-01 15:00:28Z INFO RunnerServer] EstablishVssConnection
[2024-12-01 15:00:28Z INFO RunnerServer] Establish connection with 60 seconds timeout.
[2024-12-01 15:00:28Z INFO GitHubActionsService] Starting operation Location.GetConnectionData
[2024-12-01 15:00:29Z INFO GitHubActionsService] Finished operation Location.GetConnectionData
[2024-12-01 15:00:29Z INFO GitHubActionsService] Finished operation Location.GetConnectionData
[2024-12-01 15:00:29Z INFO GitHubActionsService] Finished operation Location.GetConnectionData
[2024-12-01 15:00:29Z INFO Terminal] WRITE LINE: 
[2024-12-01 15:00:29Z INFO ConfigurationManager] Test Connection complete.
[2024-12-01 15:00:29Z INFO HostContext] Well known directory 'Bin': 'C:\Users\pc\Desktop\java\TpSonar\user-management-main\user-management-main\user-management-main\actions-runner\bin'
[2024-12-01 15:00:29Z INFO HostContext] Well known directory 'Root': 'C:\Users\pc\Desktop\java\TpSonar\user-management-main\user-management-main\user-management-main\actions-runner'
[2024-12-01 15:00:29Z INFO HostContext] Well known config file 'RSACredentials': 'C:\Users\pc\Desktop\java\TpSonar\user-management-main\user-management-main\user-management-main\actions-runner\.credentials_rsaparams'
[2024-12-01 15:00:29Z INFO RSAEncryptedFileKeyManager] Found existing RSA key parameters file C:\Users\pc\Desktop\java\TpSonar\user-management-main\user-management-main\user-management-main\actions-runner\.credentials_rsaparams
[2024-12-01 15:00:30Z INFO CommandSettings] Arg 'runnergroup': ''
[2024-12-01 15:00:30Z INFO CommandSettings] Flag 'unattended': 'False'
[2024-12-01 15:00:30Z INFO PromptManager] ReadValue
[2024-12-01 15:00:30Z INFO Terminal] WRITE: Enter the name of the runner group to add this runner to: 
[2024-12-01 15:00:30Z INFO Terminal] WRITE: [press Enter for Default] 
[2024-12-01 15:00:30Z INFO Terminal] READ LINE
[2024-12-01 15:00:35Z INFO Terminal] Read value: 'default'
[2024-12-01 15:00:35Z INFO Terminal] WRITE LINE: 
[2024-12-01 15:00:35Z INFO ConfigurationManager] Found a self-hosted runner group with id 1 and name Default
[2024-12-01 15:00:35Z INFO CommandSettings] Flag 'disableupdate': 'False'
[2024-12-01 15:00:35Z INFO CommandSettings] Flag 'ephemeral': 'False'
[2024-12-01 15:00:35Z INFO CommandSettings] Arg 'name': ''
[2024-12-01 15:00:35Z INFO CommandSettings] Flag 'unattended': 'False'
[2024-12-01 15:00:35Z INFO PromptManager] ReadValue
[2024-12-01 15:00:35Z INFO Terminal] WRITE: Enter the name of runner: 
[2024-12-01 15:00:35Z INFO Terminal] WRITE: [press Enter for DESKTOP-IBEJIKD] 
[2024-12-01 15:00:35Z INFO Terminal] READ LINE
[2024-12-01 15:00:44Z INFO Terminal] Read value: 'Git-runner'
[2024-12-01 15:00:44Z INFO Terminal] WRITE LINE: 
[2024-12-01 15:00:44Z INFO CommandSettings] Arg 'labels': ''
[2024-12-01 15:00:44Z INFO CommandSettings] Flag 'unattended': 'False'
[2024-12-01 15:00:44Z INFO PromptManager] ReadValue
[2024-12-01 15:00:44Z INFO Terminal] WRITE: This runner will have the following labels: 'self-hosted', 'Windows', 'X64' 
Enter any additional labels (ex. label-1,label-2): 
[2024-12-01 15:00:44Z INFO Terminal] WRITE: [press Enter to skip] 
[2024-12-01 15:00:44Z INFO Terminal] READ LINE
[2024-12-01 15:01:06Z INFO Terminal] Read value: 'Git'
[2024-12-01 15:01:06Z INFO Terminal] WRITE LINE: 
[2024-12-01 15:01:06Z INFO CommandSettings] Flag 'disableupdate': 'False'
[2024-12-01 15:01:06Z INFO CommandSettings] Flag 'no-default-labels': 'False'
[2024-12-01 15:01:07Z INFO CommandSettings] Flag 'disableupdate': 'False'
[2024-12-01 15:01:07Z INFO CommandSettings] Flag 'ephemeral': 'False'
[2024-12-01 15:01:07Z INFO ConfigurationStore] Saving OAuth credential @ C:\Users\pc\Desktop\java\TpSonar\user-management-main\user-management-main\user-management-main\actions-runner\.credentials
[2024-12-01 15:01:07Z INFO ConfigurationStore] Credentials Saved.
[2024-12-01 15:01:07Z INFO ConfigurationStore] HasCredentials()
[2024-12-01 15:01:07Z INFO ConfigurationStore] stored True
[2024-12-01 15:01:07Z INFO CredentialManager] GetCredentialProvider
[2024-12-01 15:01:07Z INFO CredentialManager] Creating type OAuth
[2024-12-01 15:01:07Z INFO CredentialManager] Creating credential type: OAuth
[2024-12-01 15:01:07Z INFO RSAEncryptedFileKeyManager] Loading RSA key parameters from file C:\Users\pc\Desktop\java\TpSonar\user-management-main\user-management-main\user-management-main\actions-runner\.credentials_rsaparams
[2024-12-01 15:01:07Z INFO RunnerServer] EstablishVssConnection
[2024-12-01 15:01:07Z INFO RunnerServer] Establish connection with 100 seconds timeout.
[2024-12-01 15:01:07Z INFO GitHubActionsService] Starting operation Location.GetConnectionData
[2024-12-01 15:01:07Z INFO RunnerServer] EstablishVssConnection
[2024-12-01 15:01:07Z INFO RunnerServer] Establish connection with 60 seconds timeout.
[2024-12-01 15:01:07Z INFO GitHubActionsService] Starting operation Location.GetConnectionData
[2024-12-01 15:01:07Z INFO RunnerServer] EstablishVssConnection
[2024-12-01 15:01:07Z INFO RunnerServer] Establish connection with 60 seconds timeout.
[2024-12-01 15:01:07Z INFO GitHubActionsService] Starting operation Location.GetConnectionData
[2024-12-01 15:01:08Z INFO GitHubActionsService] Finished operation Location.GetConnectionData
[2024-12-01 15:01:08Z INFO GitHubActionsService] Finished operation Location.GetConnectionData
[2024-12-01 15:01:08Z INFO GitHubActionsService] Finished operation Location.GetConnectionData
[2024-12-01 15:01:09Z INFO RSAEncryptedFileKeyManager] Loading RSA key parameters from file C:\Users\pc\Desktop\java\TpSonar\user-management-main\user-management-main\user-management-main\actions-runner\.credentials_rsaparams
[2024-12-01 15:01:09Z INFO RSAEncryptedFileKeyManager] Loading RSA key parameters from file C:\Users\pc\Desktop\java\TpSonar\user-management-main\user-management-main\user-management-main\actions-runner\.credentials_rsaparams
[2024-12-01 15:01:10Z INFO GitHubActionsService] AAD Correlation ID for this token request: Unknown
[2024-12-01 15:01:10Z INFO CommandSettings] Arg 'work': ''
[2024-12-01 15:01:10Z INFO CommandSettings] Flag 'unattended': 'False'
[2024-12-01 15:01:10Z INFO PromptManager] ReadValue
[2024-12-01 15:01:10Z INFO Terminal] WRITE: Enter name of work folder: 
[2024-12-01 15:01:10Z INFO Terminal] WRITE: [press Enter for _work] 
[2024-12-01 15:01:10Z INFO Terminal] READ LINE
