[2024-12-01 14:37:42Z INFO HostContext] No proxy settings were found based on environmental variables (http_proxy/https_proxy/HTTP_PROXY/HTTPS_PROXY)
[2024-12-01 14:37:42Z INFO HostContext] Well known directory 'Bin': 'C:\Users\pc\Desktop\java\TpSonar\user-management-main\user-management-main\user-management-main\actions-runner\bin'
[2024-12-01 14:37:42Z INFO HostContext] Well known directory 'Root': 'C:\Users\pc\Desktop\java\TpSonar\user-management-main\user-management-main\user-management-main\actions-runner'
[2024-12-01 14:37:42Z INFO HostContext] Well known config file 'Credentials': 'C:\Users\pc\Desktop\java\TpSonar\user-management-main\user-management-main\user-management-main\actions-runner\.credentials'
[2024-12-01 14:37:42Z INFO HostContext] Well known directory 'Bin': 'C:\Users\pc\Desktop\java\TpSonar\user-management-main\user-management-main\user-management-main\actions-runner\bin'
[2024-12-01 14:37:42Z INFO HostContext] Well known directory 'Root': 'C:\Users\pc\Desktop\java\TpSonar\user-management-main\user-management-main\user-management-main\actions-runner'
[2024-12-01 14:37:42Z INFO HostContext] Well known config file 'Runner': 'C:\Users\pc\Desktop\java\TpSonar\user-management-main\user-management-main\user-management-main\actions-runner\.runner'
[2024-12-01 14:37:42Z INFO Listener] Runner is built for Windows (X64) - win-x64.
[2024-12-01 14:37:42Z INFO Listener] RuntimeInformation: Microsoft Windows 10.0.22631.
[2024-12-01 14:37:42Z INFO Listener] Version: 2.321.0
[2024-12-01 14:37:42Z INFO Listener] Commit: e249007931b7c8e857797fa259c167f0bd4f997a
[2024-12-01 14:37:42Z INFO Listener] Culture: fr-FR
[2024-12-01 14:37:42Z INFO Listener] UI Culture: fr-FR
[2024-12-01 14:37:42Z INFO HostContext] Well known directory 'Bin': 'C:\Users\pc\Desktop\java\TpSonar\user-management-main\user-management-main\user-management-main\actions-runner\bin'
[2024-12-01 14:37:42Z INFO HostContext] Well known directory 'Root': 'C:\Users\pc\Desktop\java\TpSonar\user-management-main\user-management-main\user-management-main\actions-runner'
[2024-12-01 14:37:42Z INFO Listener] Validating directory permissions for: 'C:\Users\pc\Desktop\java\TpSonar\user-management-main\user-management-main\user-management-main\actions-runner'
[2024-12-01 14:37:42Z INFO CommandLineParser] Parse
[2024-12-01 14:37:42Z INFO CommandLineParser] Parsing 5 args
[2024-12-01 14:37:42Z INFO CommandLineParser] parsing argument
[2024-12-01 14:37:42Z INFO CommandLineParser] HasArgs: False
[2024-12-01 14:37:42Z INFO CommandLineParser] Adding Command: configure
[2024-12-01 14:37:42Z INFO CommandLineParser] parsing argument
[2024-12-01 14:37:42Z INFO CommandLineParser] HasArgs: True
[2024-12-01 14:37:42Z INFO CommandLineParser] arg: url
[2024-12-01 14:37:42Z INFO CommandLineParser] parsing argument
[2024-12-01 14:37:42Z INFO CommandLineParser] HasArgs: True
[2024-12-01 14:37:42Z INFO CommandLineParser] Adding option 'url': 'https://github.com/khadijaoumrani/user-management-main'
[2024-12-01 14:37:42Z INFO CommandLineParser] parsing argument
[2024-12-01 14:37:42Z INFO CommandLineParser] HasArgs: True
[2024-12-01 14:37:42Z INFO CommandLineParser] arg: token
[2024-12-01 14:37:42Z INFO CommandLineParser] parsing argument
[2024-12-01 14:37:42Z INFO CommandLineParser] HasArgs: True
[2024-12-01 14:37:42Z INFO CommandLineParser] Adding option 'token': '***'
[2024-12-01 14:37:42Z INFO Listener] Arguments parsed
[2024-12-01 14:37:42Z INFO Runner] ExecuteCommand
[2024-12-01 14:37:42Z INFO ConfigurationStore] currentAssemblyLocation: C:\Users\pc\Desktop\java\TpSonar\user-management-main\user-management-main\user-management-main\actions-runner\bin\Runner.Listener.dll
[2024-12-01 14:37:42Z INFO HostContext] Well known directory 'Bin': 'C:\Users\pc\Desktop\java\TpSonar\user-management-main\user-management-main\user-management-main\actions-runner\bin'
[2024-12-01 14:37:42Z INFO ConfigurationStore] binPath: C:\Users\pc\Desktop\java\TpSonar\user-management-main\user-management-main\user-management-main\actions-runner\bin
[2024-12-01 14:37:42Z INFO HostContext] Well known directory 'Bin': 'C:\Users\pc\Desktop\java\TpSonar\user-management-main\user-management-main\user-management-main\actions-runner\bin'
[2024-12-01 14:37:42Z INFO HostContext] Well known directory 'Root': 'C:\Users\pc\Desktop\java\TpSonar\user-management-main\user-management-main\user-management-main\actions-runner'
[2024-12-01 14:37:42Z INFO ConfigurationStore] RootFolder: C:\Users\pc\Desktop\java\TpSonar\user-management-main\user-management-main\user-management-main\actions-runner
[2024-12-01 14:37:42Z INFO HostContext] Well known directory 'Bin': 'C:\Users\pc\Desktop\java\TpSonar\user-management-main\user-management-main\user-management-main\actions-runner\bin'
[2024-12-01 14:37:42Z INFO HostContext] Well known directory 'Root': 'C:\Users\pc\Desktop\java\TpSonar\user-management-main\user-management-main\user-management-main\actions-runner'
[2024-12-01 14:37:42Z INFO HostContext] Well known config file 'Runner': 'C:\Users\pc\Desktop\java\TpSonar\user-management-main\user-management-main\user-management-main\actions-runner\.runner'
[2024-12-01 14:37:42Z INFO ConfigurationStore] ConfigFilePath: C:\Users\pc\Desktop\java\TpSonar\user-management-main\user-management-main\user-management-main\actions-runner\.runner
[2024-12-01 14:37:42Z INFO HostContext] Well known directory 'Bin': 'C:\Users\pc\Desktop\java\TpSonar\user-management-main\user-management-main\user-management-main\actions-runner\bin'
[2024-12-01 14:37:42Z INFO HostContext] Well known directory 'Root': 'C:\Users\pc\Desktop\java\TpSonar\user-management-main\user-management-main\user-management-main\actions-runner'
[2024-12-01 14:37:42Z INFO HostContext] Well known config file 'Credentials': 'C:\Users\pc\Desktop\java\TpSonar\user-management-main\user-management-main\user-management-main\actions-runner\.credentials'
[2024-12-01 14:37:42Z INFO ConfigurationStore] CredFilePath: C:\Users\pc\Desktop\java\TpSonar\user-management-main\user-management-main\user-management-main\actions-runner\.credentials
[2024-12-01 14:37:42Z INFO HostContext] Well known directory 'Bin': 'C:\Users\pc\Desktop\java\TpSonar\user-management-main\user-management-main\user-management-main\actions-runner\bin'
[2024-12-01 14:37:42Z INFO HostContext] Well known directory 'Root': 'C:\Users\pc\Desktop\java\TpSonar\user-management-main\user-management-main\user-management-main\actions-runner'
[2024-12-01 14:37:42Z INFO HostContext] Well known config file 'MigratedCredentials': 'C:\Users\pc\Desktop\java\TpSonar\user-management-main\user-management-main\user-management-main\actions-runner\.credentials_migrated'
[2024-12-01 14:37:42Z INFO ConfigurationStore] MigratedCredFilePath: C:\Users\pc\Desktop\java\TpSonar\user-management-main\user-management-main\user-management-main\actions-runner\.credentials_migrated
[2024-12-01 14:37:42Z INFO HostContext] Well known directory 'Bin': 'C:\Users\pc\Desktop\java\TpSonar\user-management-main\user-management-main\user-management-main\actions-runner\bin'
[2024-12-01 14:37:42Z INFO HostContext] Well known directory 'Root': 'C:\Users\pc\Desktop\java\TpSonar\user-management-main\user-management-main\user-management-main\actions-runner'
[2024-12-01 14:37:42Z INFO HostContext] Well known config file 'Service': 'C:\Users\pc\Desktop\java\TpSonar\user-management-main\user-management-main\user-management-main\actions-runner\.service'
[2024-12-01 14:37:42Z INFO ConfigurationStore] ServiceConfigFilePath: C:\Users\pc\Desktop\java\TpSonar\user-management-main\user-management-main\user-management-main\actions-runner\.service
[2024-12-01 14:37:42Z INFO CommandSettings] Flag 'help': 'False'
[2024-12-01 14:37:42Z INFO CommandSettings] Flag 'version': 'False'
[2024-12-01 14:37:42Z INFO CommandSettings] Flag 'commit': 'False'
[2024-12-01 14:37:42Z INFO CommandSettings] Flag 'check': 'False'
[2024-12-01 14:37:42Z INFO CommandSettings] Command 'configure': 'True'
[2024-12-01 14:37:42Z INFO Terminal] WRITE LINE: 
[2024-12-01 14:37:42Z INFO Terminal] WRITE LINE: --------------------------------------------------------------------------------
[2024-12-01 14:37:42Z INFO Terminal] WRITE LINE: |        ____ _ _   _   _       _          _        _   _                      |
[2024-12-01 14:37:42Z INFO Terminal] WRITE LINE: |       / ___(_) |_| | | |_   _| |__      / \   ___| |_(_) ___  _ __  ___      |
[2024-12-01 14:37:42Z INFO Terminal] WRITE LINE: |      | |  _| | __| |_| | | | | '_ \    / _ \ / __| __| |/ _ \| '_ \/ __|     |
[2024-12-01 14:37:42Z INFO Terminal] WRITE LINE: |      | |_| | | |_|  _  | |_| | |_) |  / ___ \ (__| |_| | (_) | | | \__ \     |
[2024-12-01 14:37:42Z INFO Terminal] WRITE LINE: |       \____|_|\__|_| |_|\__,_|_.__/  /_/   \_\___|\__|_|\___/|_| |_|___/     |
[2024-12-01 14:37:42Z INFO Terminal] WRITE LINE: |                                                                              |
[2024-12-01 14:37:42Z INFO Terminal] WRITE: |                       
[2024-12-01 14:37:42Z INFO Terminal] WRITE: Self-hosted runner registration
[2024-12-01 14:37:42Z INFO Terminal] WRITE LINE:                         |
[2024-12-01 14:37:42Z INFO Terminal] WRITE LINE: |                                                                              |
[2024-12-01 14:37:42Z INFO Terminal] WRITE LINE: --------------------------------------------------------------------------------
[2024-12-01 14:37:42Z INFO ConfigurationManager] ConfigureAsync
[2024-12-01 14:37:42Z INFO CommandSettings] Flag 'generateServiceConfig': 'False'
[2024-12-01 14:37:42Z INFO ConfigurationStore] IsConfigured()
[2024-12-01 14:37:42Z INFO ConfigurationStore] IsConfigured: False
[2024-12-01 14:37:42Z INFO ConfigurationManager] Is configured: False
[2024-12-01 14:37:42Z INFO CommandSettings] Arg 'url': 'https://github.com/khadijaoumrani/user-management-main'
[2024-12-01 14:37:42Z INFO CommandSettings] Remove url from Arg dictionary.
[2024-12-01 14:37:42Z INFO CommandSettings] Arg 'token': '***'
[2024-12-01 14:37:42Z INFO CommandSettings] Remove token from Arg dictionary.
[2024-12-01 14:37:45Z ERR  Terminal] WRITE ERROR: Http response code: NotFound from 'POST https://api.github.com/actions/runner-registration' (Request Id: 7088:1254C0:24CD2F4:25E3FC8:674C74B9)
[2024-12-01 14:37:45Z ERR  Terminal] WRITE ERROR: {"message":"Not Found","documentation_url":"https://docs.github.com/rest","status":"404"}
[2024-12-01 14:37:45Z ERR  Runner] System.Net.Http.HttpRequestException: Response status code does not indicate success: 404 (Not Found).
   at System.Net.Http.HttpResponseMessage.EnsureSuccessStatusCode()
   at GitHub.Runner.Listener.Configuration.ConfigurationManager.GetTenantCredential(String githubUrl, String githubToken, String runnerEvent)
   at GitHub.Runner.Listener.Configuration.ConfigurationManager.ConfigureAsync(CommandSettings command)
   at GitHub.Runner.Listener.Runner.ExecuteCommand(CommandSettings command)
[2024-12-01 14:37:45Z ERR  Terminal] WRITE ERROR: Response status code does not indicate success: 404 (Not Found).
[2024-12-01 14:37:45Z INFO Listener] Runner execution has finished with return code 1
