[2024-12-01 14:40:49Z INFO HostContext] No proxy settings were found based on environmental variables (http_proxy/https_proxy/HTTP_PROXY/HTTPS_PROXY)
[2024-12-01 14:40:49Z INFO HostContext] Well known directory 'Bin': 'C:\Users\pc\Desktop\java\TpSonar\user-management-main\user-management-main\user-management-main\actions-runner\bin'
[2024-12-01 14:40:49Z INFO HostContext] Well known directory 'Root': 'C:\Users\pc\Desktop\java\TpSonar\user-management-main\user-management-main\user-management-main\actions-runner'
[2024-12-01 14:40:49Z INFO HostContext] Well known config file 'Credentials': 'C:\Users\pc\Desktop\java\TpSonar\user-management-main\user-management-main\user-management-main\actions-runner\.credentials'
[2024-12-01 14:40:49Z INFO HostContext] Well known directory 'Bin': 'C:\Users\pc\Desktop\java\TpSonar\user-management-main\user-management-main\user-management-main\actions-runner\bin'
[2024-12-01 14:40:49Z INFO HostContext] Well known directory 'Root': 'C:\Users\pc\Desktop\java\TpSonar\user-management-main\user-management-main\user-management-main\actions-runner'
[2024-12-01 14:40:49Z INFO HostContext] Well known config file 'Runner': 'C:\Users\pc\Desktop\java\TpSonar\user-management-main\user-management-main\user-management-main\actions-runner\.runner'
[2024-12-01 14:40:49Z INFO Listener] Runner is built for Windows (X64) - win-x64.
[2024-12-01 14:40:49Z INFO Listener] RuntimeInformation: Microsoft Windows 10.0.22631.
[2024-12-01 14:40:49Z INFO Listener] Version: 2.321.0
[2024-12-01 14:40:49Z INFO Listener] Commit: e249007931b7c8e857797fa259c167f0bd4f997a
[2024-12-01 14:40:49Z INFO Listener] Culture: fr-FR
[2024-12-01 14:40:49Z INFO Listener] UI Culture: fr-FR
[2024-12-01 14:40:49Z INFO HostContext] Well known directory 'Bin': 'C:\Users\pc\Desktop\java\TpSonar\user-management-main\user-management-main\user-management-main\actions-runner\bin'
[2024-12-01 14:40:49Z INFO HostContext] Well known directory 'Root': 'C:\Users\pc\Desktop\java\TpSonar\user-management-main\user-management-main\user-management-main\actions-runner'
[2024-12-01 14:40:49Z INFO Listener] Validating directory permissions for: 'C:\Users\pc\Desktop\java\TpSonar\user-management-main\user-management-main\user-management-main\actions-runner'
[2024-12-01 14:40:49Z INFO CommandLineParser] Parse
[2024-12-01 14:40:49Z INFO CommandLineParser] Parsing 1 args
[2024-12-01 14:40:49Z INFO CommandLineParser] parsing argument
[2024-12-01 14:40:50Z INFO CommandLineParser] HasArgs: False
[2024-12-01 14:40:50Z INFO CommandLineParser] Adding Command: configure
[2024-12-01 14:40:50Z INFO Listener] Arguments parsed
[2024-12-01 14:40:50Z INFO Runner] ExecuteCommand
[2024-12-01 14:40:50Z INFO ConfigurationStore] currentAssemblyLocation: C:\Users\pc\Desktop\java\TpSonar\user-management-main\user-management-main\user-management-main\actions-runner\bin\Runner.Listener.dll
[2024-12-01 14:40:50Z INFO HostContext] Well known directory 'Bin': 'C:\Users\pc\Desktop\java\TpSonar\user-management-main\user-management-main\user-management-main\actions-runner\bin'
[2024-12-01 14:40:50Z INFO ConfigurationStore] binPath: C:\Users\pc\Desktop\java\TpSonar\user-management-main\user-management-main\user-management-main\actions-runner\bin
[2024-12-01 14:40:50Z INFO HostContext] Well known directory 'Bin': 'C:\Users\pc\Desktop\java\TpSonar\user-management-main\user-management-main\user-management-main\actions-runner\bin'
[2024-12-01 14:40:50Z INFO HostContext] Well known directory 'Root': 'C:\Users\pc\Desktop\java\TpSonar\user-management-main\user-management-main\user-management-main\actions-runner'
[2024-12-01 14:40:50Z INFO ConfigurationStore] RootFolder: C:\Users\pc\Desktop\java\TpSonar\user-management-main\user-management-main\user-management-main\actions-runner
[2024-12-01 14:40:50Z INFO HostContext] Well known directory 'Bin': 'C:\Users\pc\Desktop\java\TpSonar\user-management-main\user-management-main\user-management-main\actions-runner\bin'
[2024-12-01 14:40:50Z INFO HostContext] Well known directory 'Root': 'C:\Users\pc\Desktop\java\TpSonar\user-management-main\user-management-main\user-management-main\actions-runner'
[2024-12-01 14:40:50Z INFO HostContext] Well known config file 'Runner': 'C:\Users\pc\Desktop\java\TpSonar\user-management-main\user-management-main\user-management-main\actions-runner\.runner'
[2024-12-01 14:40:50Z INFO ConfigurationStore] ConfigFilePath: C:\Users\pc\Desktop\java\TpSonar\user-management-main\user-management-main\user-management-main\actions-runner\.runner
[2024-12-01 14:40:50Z INFO HostContext] Well known directory 'Bin': 'C:\Users\pc\Desktop\java\TpSonar\user-management-main\user-management-main\user-management-main\actions-runner\bin'
[2024-12-01 14:40:50Z INFO HostContext] Well known directory 'Root': 'C:\Users\pc\Desktop\java\TpSonar\user-management-main\user-management-main\user-management-main\actions-runner'
[2024-12-01 14:40:50Z INFO HostContext] Well known config file 'Credentials': 'C:\Users\pc\Desktop\java\TpSonar\user-management-main\user-management-main\user-management-main\actions-runner\.credentials'
[2024-12-01 14:40:50Z INFO ConfigurationStore] CredFilePath: C:\Users\pc\Desktop\java\TpSonar\user-management-main\user-management-main\user-management-main\actions-runner\.credentials
[2024-12-01 14:40:50Z INFO HostContext] Well known directory 'Bin': 'C:\Users\pc\Desktop\java\TpSonar\user-management-main\user-management-main\user-management-main\actions-runner\bin'
[2024-12-01 14:40:50Z INFO HostContext] Well known directory 'Root': 'C:\Users\pc\Desktop\java\TpSonar\user-management-main\user-management-main\user-management-main\actions-runner'
[2024-12-01 14:40:50Z INFO HostContext] Well known config file 'MigratedCredentials': 'C:\Users\pc\Desktop\java\TpSonar\user-management-main\user-management-main\user-management-main\actions-runner\.credentials_migrated'
[2024-12-01 14:40:50Z INFO ConfigurationStore] MigratedCredFilePath: C:\Users\pc\Desktop\java\TpSonar\user-management-main\user-management-main\user-management-main\actions-runner\.credentials_migrated
[2024-12-01 14:40:50Z INFO HostContext] Well known directory 'Bin': 'C:\Users\pc\Desktop\java\TpSonar\user-management-main\user-management-main\user-management-main\actions-runner\bin'
[2024-12-01 14:40:50Z INFO HostContext] Well known directory 'Root': 'C:\Users\pc\Desktop\java\TpSonar\user-management-main\user-management-main\user-management-main\actions-runner'
[2024-12-01 14:40:50Z INFO HostContext] Well known config file 'Service': 'C:\Users\pc\Desktop\java\TpSonar\user-management-main\user-management-main\user-management-main\actions-runner\.service'
[2024-12-01 14:40:50Z INFO ConfigurationStore] ServiceConfigFilePath: C:\Users\pc\Desktop\java\TpSonar\user-management-main\user-management-main\user-management-main\actions-runner\.service
[2024-12-01 14:40:50Z INFO CommandSettings] Flag 'help': 'False'
[2024-12-01 14:40:50Z INFO CommandSettings] Flag 'version': 'False'
[2024-12-01 14:40:50Z INFO CommandSettings] Flag 'commit': 'False'
[2024-12-01 14:40:50Z INFO CommandSettings] Flag 'check': 'False'
[2024-12-01 14:40:50Z INFO CommandSettings] Command 'configure': 'True'
[2024-12-01 14:40:50Z INFO Terminal] WRITE LINE: 
[2024-12-01 14:40:50Z INFO Terminal] WRITE LINE: --------------------------------------------------------------------------------
[2024-12-01 14:40:50Z INFO Terminal] WRITE LINE: |        ____ _ _   _   _       _          _        _   _                      |
[2024-12-01 14:40:50Z INFO Terminal] WRITE LINE: |       / ___(_) |_| | | |_   _| |__      / \   ___| |_(_) ___  _ __  ___      |
[2024-12-01 14:40:50Z INFO Terminal] WRITE LINE: |      | |  _| | __| |_| | | | | '_ \    / _ \ / __| __| |/ _ \| '_ \/ __|     |
[2024-12-01 14:40:50Z INFO Terminal] WRITE LINE: |      | |_| | | |_|  _  | |_| | |_) |  / ___ \ (__| |_| | (_) | | | \__ \     |
[2024-12-01 14:40:50Z INFO Terminal] WRITE LINE: |       \____|_|\__|_| |_|\__,_|_.__/  /_/   \_\___|\__|_|\___/|_| |_|___/     |
[2024-12-01 14:40:50Z INFO Terminal] WRITE LINE: |                                                                              |
[2024-12-01 14:40:50Z INFO Terminal] WRITE: |                       
[2024-12-01 14:40:50Z INFO Terminal] WRITE: Self-hosted runner registration
[2024-12-01 14:40:50Z INFO Terminal] WRITE LINE:                         |
[2024-12-01 14:40:50Z INFO Terminal] WRITE LINE: |                                                                              |
[2024-12-01 14:40:50Z INFO Terminal] WRITE LINE: --------------------------------------------------------------------------------
[2024-12-01 14:40:50Z INFO ConfigurationManager] ConfigureAsync
[2024-12-01 14:40:50Z INFO CommandSettings] Flag 'generateServiceConfig': 'False'
[2024-12-01 14:40:50Z INFO ConfigurationStore] IsConfigured()
[2024-12-01 14:40:50Z INFO ConfigurationStore] IsConfigured: False
[2024-12-01 14:40:50Z INFO ConfigurationManager] Is configured: False
[2024-12-01 14:40:50Z INFO CommandSettings] Arg 'url': ''
[2024-12-01 14:40:50Z INFO CommandSettings] Flag 'unattended': 'False'
[2024-12-01 14:40:50Z INFO PromptManager] ReadValue
[2024-12-01 14:40:50Z INFO Terminal] WRITE: What is the URL of your repository? 
[2024-12-01 14:40:50Z INFO Terminal] READ LINE
[2024-12-01 14:41:38Z INFO Terminal] Read value: 'https://github.com/khadijaoumrani/user-management-main '
[2024-12-01 14:41:38Z INFO CommandSettings] Arg 'token': ''
[2024-12-01 14:41:38Z INFO CommandSettings] Flag 'unattended': 'False'
[2024-12-01 14:41:38Z INFO PromptManager] ReadValue
[2024-12-01 14:41:38Z INFO Terminal] WRITE: What is your runner register token? 
[2024-12-01 14:41:38Z INFO Terminal] READ SECRET
[2024-12-01 14:41:44Z INFO Terminal] Read value: ''
[2024-12-01 14:41:44Z INFO Terminal] WRITE: What is your runner register token? 
[2024-12-01 14:41:44Z INFO Terminal] READ SECRET
[2024-12-01 14:41:45Z INFO Terminal] Read value: ''
[2024-12-01 14:41:45Z INFO Terminal] WRITE: What is your runner register token? 
[2024-12-01 14:41:45Z INFO Terminal] READ SECRET
